<?xml version="1.0" encoding="UTF-8"?>
<!-- Generated by org.testng.reporters.JUnitReportReporter -->
<testsuite hostname="DESKTOP-EGMSBLU" failures="0" tests="1" name="TestCases.loginTest" time="2.424" errors="0" timestamp="2024-02-07T22:43:23 IST" skipped="0">
  <testcase classname="TestCases.loginTest" name="testLogin" time="2.424"/>
  <system-out/>
</testsuite> <!-- TestCases.loginTest -->
