<?xml version="1.0" encoding="UTF-8"?>
<!-- Generated by org.testng.reporters.JUnitReportReporter -->
<testsuite hostname="DESKTOP-EGMSBLU" failures="0" tests="1" name="TestCases.loginTest" time="3.512" errors="0" timestamp="2024-02-20T19:23:43 IST" skipped="0">
  <testcase classname="TestCases.loginTest" name="testLogin" time="3.512"/>
  <system-out/>
</testsuite> <!-- TestCases.loginTest -->
